<?xml version="1.0" encoding="UTF-8"?>
<!-- Generated by org.testng.reporters.JUnitXMLReporter -->
<testsuite ignored="0" hostname="LAPTOP-SELGG101" failures="0" tests="10" name="Default test" time="17.823" errors="0" timestamp="2024-12-29T21:07:44 IST">
  <testcase classname="com.TelecomProject.TelecomAPI" name="addNewUser" time="4.084"/>
  <testcase classname="com.TelecomProject.TelecomAPI" name="getProfile" time="1.615"/>
  <testcase classname="com.TelecomProject.TelecomAPI" name="updateUser" time="1.52"/>
  <testcase classname="com.TelecomProject.TelecomAPI" name="loginUser" time="1.444"/>
  <testcase classname="com.TelecomProject.TelecomAPI" name="addContact" time="1.546"/>
  <testcase classname="com.TelecomProject.TelecomAPI" name="getContactList" time="1.401"/>
  <testcase classname="com.TelecomProject.TelecomAPI" name="getContact" time="1.528"/>
  <testcase classname="com.TelecomProject.TelecomAPI" name="updateContact" time="1.532"/>
  <testcase classname="com.TelecomProject.TelecomAPI" name="updateContactpatch" time="1.532"/>
  <testcase classname="com.TelecomProject.TelecomAPI" name="logoutUser" time="1.514"/>
</testsuite> <!-- Default test -->
