<?xml version="1.0" encoding="UTF-8"?>
<!-- Generated by org.testng.reporters.JUnitXMLReporter -->
<testsuite ignored="0" hostname="LAPTOP-SELGG101" failures="0" tests="10" name="Test" time="18.931" errors="0" timestamp="2024-12-29T21:04:05 IST">
  <testcase classname="com.TelecomProject.TelecomAPI" name="addNewUser" time="4.266"/>
  <testcase classname="com.TelecomProject.TelecomAPI" name="getProfile" time="1.521"/>
  <testcase classname="com.TelecomProject.TelecomAPI" name="updateUser" time="1.525"/>
  <testcase classname="com.TelecomProject.TelecomAPI" name="loginUser" time="1.606"/>
  <testcase classname="com.TelecomProject.TelecomAPI" name="addContact" time="2.417"/>
  <testcase classname="com.TelecomProject.TelecomAPI" name="getContactList" time="1.525"/>
  <testcase classname="com.TelecomProject.TelecomAPI" name="getContact" time="1.489"/>
  <testcase classname="com.TelecomProject.TelecomAPI" name="updateContact" time="1.522"/>
  <testcase classname="com.TelecomProject.TelecomAPI" name="updateContactpatch" time="1.524"/>
  <testcase classname="com.TelecomProject.TelecomAPI" name="logoutUser" time="1.429"/>
</testsuite> <!-- Test -->
